<?xml version="1.0" encoding="UTF-8"?>
<!-- Generated by org.testng.reporters.JUnitReportReporter -->
<testsuite hostname="Nobles-MacBook-Pro.local" failures="0" tests="1" name="com.yourlogo.tests.LoginPageTest" time="23.822" errors="0" timestamp="11 Apr 2019 19:38:06 GMT" skipped="0">
  <testcase classname="com.yourlogo.tests.LoginPageTest" name="BuySummerChiffonDressAfterRegisterTest" time="23.822"/>
</testsuite> <!-- com.yourlogo.tests.LoginPageTest -->
